INFO [10-16|21:18:15.838] Maximum peer count                       ETH=50 LES=0 total=50
INFO [10-16|21:18:15.845] Set global gas cap                       cap=50,000,000
INFO [10-16|21:18:15.850] Allocated trie memory caches             clean=154.00MiB dirty=256.00MiB
INFO [10-16|21:18:15.850] Allocated cache and file handles         database=C:\Users\Namit\Documents\GitHub\AuthentiFi\myDataDir\geth\chaindata cache=512.00MiB handles=8192
INFO [10-16|21:18:15.939] Opened ancient database                  database=C:\Users\Namit\Documents\GitHub\AuthentiFi\myDataDir\geth\chaindata\ancient/chain readonly=false
INFO [10-16|21:18:15.940]  
INFO [10-16|21:18:15.940] --------------------------------------------------------------------------------------------------------------------------------------------------------- 
INFO [10-16|21:18:15.940] Chain ID:  4777 (unknown) 
INFO [10-16|21:18:15.940] Consensus: unknown 
INFO [10-16|21:18:15.940]  
INFO [10-16|21:18:15.940] Pre-Merge hard forks: 
INFO [10-16|21:18:15.940]  - Homestead:                   0        (https://github.com/ethereum/execution-specs/blob/master/network-upgrades/mainnet-upgrades/homestead.md) 
INFO [10-16|21:18:15.940]  - Tangerine Whistle (EIP 150): 0        (https://github.com/ethereum/execution-specs/blob/master/network-upgrades/mainnet-upgrades/tangerine-whistle.md) 
INFO [10-16|21:18:15.940]  - Spurious Dragon/1 (EIP 155): 0        (https://github.com/ethereum/execution-specs/blob/master/network-upgrades/mainnet-upgrades/spurious-dragon.md) 
INFO [10-16|21:18:15.940]  - Spurious Dragon/2 (EIP 158): 0        (https://github.com/ethereum/execution-specs/blob/master/network-upgrades/mainnet-upgrades/spurious-dragon.md) 
INFO [10-16|21:18:15.940]  - Byzantium:                   <nil> (https://github.com/ethereum/execution-specs/blob/master/network-upgrades/mainnet-upgrades/byzantium.md) 
INFO [10-16|21:18:15.940]  - Constantinople:              <nil> (https://github.com/ethereum/execution-specs/blob/master/network-upgrades/mainnet-upgrades/constantinople.md) 
INFO [10-16|21:18:15.940]  - Petersburg:                  <nil> (https://github.com/ethereum/execution-specs/blob/master/network-upgrades/mainnet-upgrades/petersburg.md) 
INFO [10-16|21:18:15.940]  - Istanbul:                    <nil> (https://github.com/ethereum/execution-specs/blob/master/network-upgrades/mainnet-upgrades/istanbul.md) 
INFO [10-16|21:18:15.940]  - Berlin:                      <nil> (https://github.com/ethereum/execution-specs/blob/master/network-upgrades/mainnet-upgrades/berlin.md) 
INFO [10-16|21:18:15.940]  - London:                      <nil> (https://github.com/ethereum/execution-specs/blob/master/network-upgrades/mainnet-upgrades/london.md) 
INFO [10-16|21:18:15.940]  
INFO [10-16|21:18:15.940] The Merge is not yet available for this network! 
INFO [10-16|21:18:15.940]  - Hard-fork specification: https://github.com/ethereum/execution-specs/blob/master/network-upgrades/mainnet-upgrades/paris.md 
INFO [10-16|21:18:15.940] --------------------------------------------------------------------------------------------------------------------------------------------------------- 
INFO [10-16|21:18:15.940]  
INFO [10-16|21:18:15.942] Disk storage enabled for ethash caches   dir=C:\Users\Namit\Documents\GitHub\AuthentiFi\myDataDir\geth\ethash count=3
INFO [10-16|21:18:15.942] Disk storage enabled for ethash DAGs     dir=C:\Users\Namit\AppData\Local\Ethash count=2
INFO [10-16|21:18:15.942] Initialising Ethereum protocol           network=1114 dbversion=<nil>
INFO [10-16|21:18:15.943] Loaded most recent local header          number=0 hash=5704d0..9bc5b0 td=256 age=53y6mo3w
INFO [10-16|21:18:15.943] Loaded most recent local full block      number=0 hash=5704d0..9bc5b0 td=256 age=53y6mo3w
INFO [10-16|21:18:15.943] Loaded most recent local fast block      number=0 hash=5704d0..9bc5b0 td=256 age=53y6mo3w
WARN [10-16|21:18:15.943] Failed to load snapshot, regenerating    err="missing or corrupted snapshot"
INFO [10-16|21:18:15.943] Rebuilding state snapshot 
INFO [10-16|21:18:15.943] Resuming state snapshot generation       root=56e81f..63b421 accounts=0 slots=0 storage=0.00B dangling=0 elapsed=0s
INFO [10-16|21:18:15.944] Generated state snapshot                 accounts=0 slots=0 storage=0.00B dangling=0 elapsed="505.2µs"
INFO [10-16|21:18:15.946] Regenerated local transaction journal    transactions=0 accounts=0
INFO [10-16|21:18:15.946] Gasprice oracle is ignoring threshold set threshold=2
WARN [10-16|21:18:15.946] Error reading unclean shutdown markers   error="leveldb: not found"
WARN [10-16|21:18:15.946] Engine API enabled                       protocol=eth
WARN [10-16|21:18:15.946] Engine API started but chain not configured for merge yet 
INFO [10-16|21:18:15.946] Starting peer-to-peer node               instance=Geth/v1.10.25-stable-69568c55/windows-amd64/go1.18.5
INFO [10-16|21:18:15.961] New local node record                    seq=1,665,935,295,959 id=0788cd2919c82396 ip=127.0.0.1 udp=30303 tcp=30303
INFO [10-16|21:18:15.961] Started P2P networking                   self=enode://727d1a940e6055abbb0e1990c4eeaddd53868ae4a06237c0f5f4c33ae47d8f14dc2b4b0ff9b52c37179cd39406c34cd6f86f34a05b5ff564efb015b293cc62fc@127.0.0.1:30303
INFO [10-16|21:18:15.963] IPC endpoint opened                      url=\\.\pipe\geth.ipc
INFO [10-16|21:18:15.964] Generated JWT secret                     path=C:\Users\Namit\Documents\GitHub\AuthentiFi\myDataDir\geth\jwtsecret
INFO [10-16|21:18:15.968] WebSocket enabled                        url=ws://127.0.0.1:8551
INFO [10-16|21:18:15.968] HTTP server started                      endpoint=127.0.0.1:8551 auth=true prefix= cors=localhost vhosts=localhost
WARN [10-16|21:18:16.003] Served eth_coinbase                      reqid=3 duration=0s err="etherbase must be explicitly specified"
INFO [10-16|21:18:18.421] New local node record                    seq=1,665,935,295,960 id=0788cd2919c82396 ip=100.81.86.20 udp=30303 tcp=30303
INFO [10-16|21:18:18.749] Mapped network port                      proto=tcp extport=30303 intport=30303 interface="UPNP IGDv1-IP1"
WARN [10-16|21:18:22.452] Served eth_coinbase                      reqid=9 duration=0s err="etherbase must be explicitly specified"
INFO [10-16|21:18:25.992] Looking for peers                        peercount=2 tried=124 static=0
WARN [10-16|21:18:26.791] Snapshot extension registration failed   peer=2e4e37b2 err="peer connected on snap without compatible eth support"
WARN [10-16|21:18:28.270] Snapshot extension registration failed   peer=2e150a78 err="peer connected on snap without compatible eth support"
INFO [10-16|21:18:36.485] Looking for peers                        peercount=0 tried=74  static=0
INFO [10-16|21:18:47.218] Looking for peers                        peercount=0 tried=103 static=0
INFO [10-16|21:18:57.677] Looking for peers                        peercount=0 tried=108 static=0
INFO [10-16|21:19:05.623] Your new key was generated               address=0x4aC79B14cb87db1167a6a201738C5db9289a8EB7
WARN [10-16|21:19:05.623] Please backup your key file!             path=C:\Users\Namit\Documents\GitHub\AuthentiFi\myDataDir\keystore\UTC--2022-10-16T15-49-03.951449000Z--4ac79b14cb87db1167a6a201738c5db9289a8eb7
WARN [10-16|21:19:05.623] Please remember your password! 
INFO [10-16|21:19:07.569] Etherbase automatically configured       address=0x4aC79B14cb87db1167a6a201738C5db9289a8EB7
INFO [10-16|21:19:07.749] Looking for peers                        peercount=0 tried=145 static=0
WARN [10-16|21:19:12.461] HTTP server graceful shutdown timed out 
INFO [10-16|21:19:12.461] HTTP server stopped                      endpoint=127.0.0.1:8551
INFO [10-16|21:19:12.462] IPC endpoint closed                      url=\\.\pipe\geth.ipc
INFO [10-16|21:19:12.462] Ethereum protocol stopped 
INFO [10-16|21:19:12.462] Transaction pool stopped 
INFO [10-16|21:19:12.462] Writing snapshot state to disk           root=56e81f..63b421
INFO [10-16|21:19:12.462] Persisted trie from memory database      nodes=0 size=0.00B time=0s gcnodes=0 gcsize=0.00B gctime=0s livenodes=1 livesize=0.00B
INFO [10-16|21:19:12.462] Writing clean trie cache to disk         path=C:\Users\Namit\Documents\GitHub\AuthentiFi\myDataDir\geth\triecache threads=8
INFO [10-16|21:19:12.469] Persisted the clean trie cache           path=C:\Users\Namit\Documents\GitHub\AuthentiFi\myDataDir\geth\triecache elapsed=7.150ms
INFO [10-16|21:19:12.469] Blockchain stopped 
